  Component.cpp
  GameObject.cpp
  Matrix4x4.cpp
C:\Users\streepmsi\Desktop\Git Projects\KernmoduleGDev\KernmoduleGDev\Matrix4x4.h(22,10): error C2143: syntax error: missing ';' before '*'
C:\Users\streepmsi\Desktop\Git Projects\KernmoduleGDev\KernmoduleGDev\Matrix4x4.h(22,19): error C4430: missing type specifier - int assumed. Note: C++ does not support default-int
C:\Users\streepmsi\Desktop\Git Projects\KernmoduleGDev\KernmoduleGDev\Matrix4x4.h(22,20): error C2061: syntax error: identifier 'Vector3'
C:\Users\streepmsi\Desktop\Git Projects\KernmoduleGDev\KernmoduleGDev\Matrix4x4.h(22,30): error C4430: missing type specifier - int assumed. Note: C++ does not support default-int
C:\Users\streepmsi\Desktop\Git Projects\KernmoduleGDev\KernmoduleGDev\Matrix4x4.cpp(26,1): error C2511: 'Vector3 Matrix4x4::operator *(Vector3)': overloaded member function not found in 'Matrix4x4'
C:\Users\streepmsi\Desktop\Git Projects\KernmoduleGDev\KernmoduleGDev\Matrix4x4.h(2): message : see declaration of 'Matrix4x4'
C:\Users\streepmsi\Desktop\Git Projects\KernmoduleGDev\KernmoduleGDev\Matrix4x4.cpp(27,19): error C2597: illegal reference to non-static member 'Matrix4x4::m03'
C:\Users\streepmsi\Desktop\Git Projects\KernmoduleGDev\KernmoduleGDev\Matrix4x4.cpp(27,19): error C3867: 'Matrix4x4::m03': non-standard syntax; use '&' to create a pointer to member
C:\Users\streepmsi\Desktop\Git Projects\KernmoduleGDev\KernmoduleGDev\Matrix4x4.cpp(27,19): error C2568: '*': unable to resolve function overload
C:\Users\streepmsi\Desktop\Git Projects\KernmoduleGDev\KernmoduleGDev\Matrix4x4.cpp(27,27): error C2597: illegal reference to non-static member 'Matrix4x4::m13'
C:\Users\streepmsi\Desktop\Git Projects\KernmoduleGDev\KernmoduleGDev\Matrix4x4.cpp(27,27): error C3867: 'Matrix4x4::m13': non-standard syntax; use '&' to create a pointer to member
C:\Users\streepmsi\Desktop\Git Projects\KernmoduleGDev\KernmoduleGDev\Matrix4x4.cpp(27,27): error C2568: '*': unable to resolve function overload
C:\Users\streepmsi\Desktop\Git Projects\KernmoduleGDev\KernmoduleGDev\Matrix4x4.cpp(27,35): error C2597: illegal reference to non-static member 'Matrix4x4::m23'
C:\Users\streepmsi\Desktop\Git Projects\KernmoduleGDev\KernmoduleGDev\Matrix4x4.cpp(27,35): error C3867: 'Matrix4x4::m23': non-standard syntax; use '&' to create a pointer to member
C:\Users\streepmsi\Desktop\Git Projects\KernmoduleGDev\KernmoduleGDev\Matrix4x4.cpp(27,35): error C2568: '*': unable to resolve function overload
C:\Users\streepmsi\Desktop\Git Projects\KernmoduleGDev\KernmoduleGDev\Matrix4x4.cpp(29,11): error C2597: illegal reference to non-static member 'Matrix4x4::m00'
C:\Users\streepmsi\Desktop\Git Projects\KernmoduleGDev\KernmoduleGDev\Matrix4x4.cpp(29,11): error C3867: 'Matrix4x4::m00': non-standard syntax; use '&' to create a pointer to member
C:\Users\streepmsi\Desktop\Git Projects\KernmoduleGDev\KernmoduleGDev\Matrix4x4.cpp(29,11): error C2568: '*': unable to resolve function overload
C:\Users\streepmsi\Desktop\Git Projects\KernmoduleGDev\KernmoduleGDev\Matrix4x4.cpp(29,19): error C2597: illegal reference to non-static member 'Matrix4x4::m10'
C:\Users\streepmsi\Desktop\Git Projects\KernmoduleGDev\KernmoduleGDev\Matrix4x4.cpp(29,19): error C3867: 'Matrix4x4::m10': non-standard syntax; use '&' to create a pointer to member
C:\Users\streepmsi\Desktop\Git Projects\KernmoduleGDev\KernmoduleGDev\Matrix4x4.cpp(29,19): error C2568: '*': unable to resolve function overload
C:\Users\streepmsi\Desktop\Git Projects\KernmoduleGDev\KernmoduleGDev\Matrix4x4.cpp(29,27): error C2597: illegal reference to non-static member 'Matrix4x4::m20'
C:\Users\streepmsi\Desktop\Git Projects\KernmoduleGDev\KernmoduleGDev\Matrix4x4.cpp(29,27): error C3867: 'Matrix4x4::m20': non-standard syntax; use '&' to create a pointer to member
C:\Users\streepmsi\Desktop\Git Projects\KernmoduleGDev\KernmoduleGDev\Matrix4x4.cpp(29,27): error C2568: '*': unable to resolve function overload
C:\Users\streepmsi\Desktop\Git Projects\KernmoduleGDev\KernmoduleGDev\Matrix4x4.cpp(30,11): error C2597: illegal reference to non-static member 'Matrix4x4::m01'
C:\Users\streepmsi\Desktop\Git Projects\KernmoduleGDev\KernmoduleGDev\Matrix4x4.cpp(30,11): error C3867: 'Matrix4x4::m01': non-standard syntax; use '&' to create a pointer to member
C:\Users\streepmsi\Desktop\Git Projects\KernmoduleGDev\KernmoduleGDev\Matrix4x4.cpp(30,11): error C2568: '*': unable to resolve function overload
C:\Users\streepmsi\Desktop\Git Projects\KernmoduleGDev\KernmoduleGDev\Matrix4x4.cpp(30,19): error C2597: illegal reference to non-static member 'Matrix4x4::m11'
C:\Users\streepmsi\Desktop\Git Projects\KernmoduleGDev\KernmoduleGDev\Matrix4x4.cpp(30,19): error C3867: 'Matrix4x4::m11': non-standard syntax; use '&' to create a pointer to member
C:\Users\streepmsi\Desktop\Git Projects\KernmoduleGDev\KernmoduleGDev\Matrix4x4.cpp(30,19): error C2568: '*': unable to resolve function overload
C:\Users\streepmsi\Desktop\Git Projects\KernmoduleGDev\KernmoduleGDev\Matrix4x4.cpp(30,27): error C2597: illegal reference to non-static member 'Matrix4x4::m21'
C:\Users\streepmsi\Desktop\Git Projects\KernmoduleGDev\KernmoduleGDev\Matrix4x4.cpp(30,27): error C3867: 'Matrix4x4::m21': non-standard syntax; use '&' to create a pointer to member
C:\Users\streepmsi\Desktop\Git Projects\KernmoduleGDev\KernmoduleGDev\Matrix4x4.cpp(30,27): error C2568: '*': unable to resolve function overload
C:\Users\streepmsi\Desktop\Git Projects\KernmoduleGDev\KernmoduleGDev\Matrix4x4.cpp(31,11): error C2597: illegal reference to non-static member 'Matrix4x4::m02'
C:\Users\streepmsi\Desktop\Git Projects\KernmoduleGDev\KernmoduleGDev\Matrix4x4.cpp(31,11): error C3867: 'Matrix4x4::m02': non-standard syntax; use '&' to create a pointer to member
C:\Users\streepmsi\Desktop\Git Projects\KernmoduleGDev\KernmoduleGDev\Matrix4x4.cpp(31,11): error C2568: '*': unable to resolve function overload
C:\Users\streepmsi\Desktop\Git Projects\KernmoduleGDev\KernmoduleGDev\Matrix4x4.cpp(31,19): error C2597: illegal reference to non-static member 'Matrix4x4::m12'
C:\Users\streepmsi\Desktop\Git Projects\KernmoduleGDev\KernmoduleGDev\Matrix4x4.cpp(31,19): error C3867: 'Matrix4x4::m12': non-standard syntax; use '&' to create a pointer to member
C:\Users\streepmsi\Desktop\Git Projects\KernmoduleGDev\KernmoduleGDev\Matrix4x4.cpp(31,19): error C2568: '*': unable to resolve function overload
C:\Users\streepmsi\Desktop\Git Projects\KernmoduleGDev\KernmoduleGDev\Matrix4x4.cpp(31,27): error C2597: illegal reference to non-static member 'Matrix4x4::m22'
C:\Users\streepmsi\Desktop\Git Projects\KernmoduleGDev\KernmoduleGDev\Matrix4x4.cpp(31,27): error C3867: 'Matrix4x4::m22': non-standard syntax; use '&' to create a pointer to member
C:\Users\streepmsi\Desktop\Git Projects\KernmoduleGDev\KernmoduleGDev\Matrix4x4.cpp(31,27): error C2568: '*': unable to resolve function overload
  Transform.cpp
  Generating Code...
