l:\mygames\noengine\kernmodulegamedev\kernmodulegdev\x64\debug\buildinrenderer.obj
l:\mygames\noengine\kernmodulegamedev\kernmodulegdev\x64\debug\component.obj
l:\mygames\noengine\kernmodulegamedev\kernmodulegdev\x64\debug\debug.obj
l:\mygames\noengine\kernmodulegamedev\kernmodulegdev\x64\debug\engine.obj
l:\mygames\noengine\kernmodulegamedev\kernmodulegdev\x64\debug\enginehook.obj
l:\mygames\noengine\kernmodulegamedev\kernmodulegdev\x64\debug\game.obj
l:\mygames\noengine\kernmodulegamedev\kernmodulegdev\x64\debug\gameobject.obj
l:\mygames\noengine\kernmodulegamedev\kernmodulegdev\x64\debug\list.obj
l:\mygames\noengine\kernmodulegamedev\kernmodulegdev\x64\debug\math.obj
l:\mygames\noengine\kernmodulegamedev\kernmodulegdev\x64\debug\matrix4x4.obj
l:\mygames\noengine\kernmodulegamedev\kernmodulegdev\x64\debug\memorymanager.obj
l:\mygames\noengine\kernmodulegamedev\kernmodulegdev\x64\debug\parachutepanic.obj
l:\mygames\noengine\kernmodulegamedev\kernmodulegdev\x64\debug\quaternion.obj
l:\mygames\noengine\kernmodulegamedev\kernmodulegdev\x64\debug\renderer.obj
l:\mygames\noengine\kernmodulegamedev\kernmodulegdev\x64\debug\renderpipeline.obj
l:\mygames\noengine\kernmodulegamedev\kernmodulegdev\x64\debug\scene.obj
l:\mygames\noengine\kernmodulegamedev\kernmodulegdev\x64\debug\scenemanager.obj
l:\mygames\noengine\kernmodulegamedev\kernmodulegdev\x64\debug\shaperenderer.obj
l:\mygames\noengine\kernmodulegamedev\kernmodulegdev\x64\debug\stacktracer.obj
l:\mygames\noengine\kernmodulegamedev\kernmodulegdev\x64\debug\vector3.obj
l:\mygames\noengine\kernmodulegamedev\kernmodulegdev\x64\debug\vc143.idb
l:\mygames\noengine\kernmodulegamedev\kernmodulegdev\x64\debug\vc143.pdb
l:\mygames\noengine\kernmodulegamedev\kernmodulegdev\x64\debug\kernmodulegdev.tlog\cl.command.1.tlog
