  BoxCollider2D.cpp
  BuildInRenderer.cpp
  Component.cpp
  Engine.cpp
  EngineHook.cpp
  Game.cpp
  GameObject.cpp
  InputManager.cpp
  KernmoduleGDev.cpp
C:\Users\streepmsi\Desktop\Git Projects\KernmoduleGDev\KernmoduleGDev\KernmoduleGDev.cpp(22,48): warning C4244: '=': conversion from 'double' to 'float', possible loss of data
C:\Users\streepmsi\Desktop\Git Projects\KernmoduleGDev\KernmoduleGDev\KernmoduleGDev.cpp(23,65): warning C4244: '=': conversion from 'double' to 'float', possible loss of data
  List.cpp
  MemoryManager.cpp
  ParachutePanic.cpp
  PlayerController.cpp
  RenderPipeline.cpp
  Renderer.cpp
  Scene.cpp
  SceneManager.cpp
  ShapeRenderer.cpp
C:\Users\streepmsi\Desktop\Git Projects\KernmoduleGDev\KernmoduleGDev\ShapeRenderer.cpp(12,12): warning C4244: 'argument': conversion from 'float' to 'size_t', possible loss of data
C:\Users\streepmsi\Desktop\Git Projects\KernmoduleGDev\KernmoduleGDev\ShapeRenderer.cpp(29,94): warning C4305: 'argument': truncation from 'const double' to 'float'
  Sprite.cpp
  SpriteRenderer.cpp
C:\Users\streepmsi\Desktop\Git Projects\KernmoduleGDev\KernmoduleGDev\SpriteRenderer.cpp(14,60): warning C4244: 'argument': conversion from 'T' to 'float', possible loss of data
          with
          [
              T=unsigned int
          ]
C:\Users\streepmsi\Desktop\Git Projects\KernmoduleGDev\KernmoduleGDev\SpriteRenderer.cpp(14,45): warning C4244: 'argument': conversion from 'T' to 'float', possible loss of data
          with
          [
              T=unsigned int
          ]
C:\Users\streepmsi\Desktop\Git Projects\KernmoduleGDev\KernmoduleGDev\SpriteRenderer.cpp(15,110): warning C4305: 'argument': truncation from 'const double' to 'float'
  Compiling...
  Stacktracer.cpp
  Generating code
  62 of 641 functions ( 9.7%) were compiled, the rest were copied from previous compilation.
    0 functions were new in current compilation
    8 functions had inline decision re-evaluated but remain unchanged
  Finished generating code
  KernmoduleGDev.vcxproj -> C:\Users\streepmsi\Desktop\Git Projects\KernmoduleGDev\x64\Release\KernmoduleGDev.exe
